Warning: you requested the nanomsg event logger, but bmv2 was compiled without -DBMELOG, and the event logger cannot be activated
Calling target program-options parser
[08:05:46.742] [bmv2] [D] [thread 4124] Set default default entry for table 'MyIngress.ipv4_lpm': NoAction - 
Adding interface s1-eth1 as port 1
[08:05:46.743] [bmv2] [D] [thread 4124] Adding interface s1-eth1 as port 1
Adding interface s1-eth2 as port 2
[08:05:46.769] [bmv2] [D] [thread 4124] Adding interface s1-eth2 as port 2
[08:05:46.793] [bmv2] [I] [thread 4124] Starting Thrift server on port 9090
[08:05:46.793] [bmv2] [I] [thread 4124] Thrift server was started
[08:05:46.910] [bmv2] [D] [thread 4131] [0.0] [cxt 0] Processing packet received on port 2
[08:05:46.910] [bmv2] [D] [thread 4131] [0.0] [cxt 0] Parser 'parser': start
[08:05:46.910] [bmv2] [D] [thread 4131] [0.0] [cxt 0] Parser 'parser' entering state 'start'
[08:05:46.910] [bmv2] [D] [thread 4131] [0.0] [cxt 0] Extracting header 'ethernet'
[08:05:46.910] [bmv2] [D] [thread 4131] [0.0] [cxt 0] Parser state 'start': key is 86dd
[08:05:46.910] [bmv2] [T] [thread 4131] [0.0] [cxt 0] Bytes parsed: 14
[08:05:46.910] [bmv2] [D] [thread 4131] [0.0] [cxt 0] Parser 'parser': end
[08:05:46.910] [bmv2] [D] [thread 4131] [0.0] [cxt 0] Pipeline 'ingress': start
[08:05:46.910] [bmv2] [T] [thread 4131] [0.0] [cxt 0] digest_messages.p4(140) Condition "hdr.ipv4.isValid()" (node_2) is false
[08:05:46.910] [bmv2] [D] [thread 4131] [0.0] [cxt 0] Pipeline 'ingress': end
[08:05:46.910] [bmv2] [D] [thread 4131] [0.0] [cxt 0] Egress port is 0
[08:05:46.910] [bmv2] [D] [thread 4132] [0.0] [cxt 0] Pipeline 'egress': start
[08:05:46.910] [bmv2] [D] [thread 4132] [0.0] [cxt 0] Pipeline 'egress': end
[08:05:46.910] [bmv2] [D] [thread 4132] [0.0] [cxt 0] Deparser 'deparser': start
[08:05:46.910] [bmv2] [T] [thread 4132] [0.0] [cxt 0] Skipping checksum 'cksum' update because condition not met
[08:05:46.910] [bmv2] [D] [thread 4132] [0.0] [cxt 0] Deparsing header 'ethernet'
[08:05:46.910] [bmv2] [D] [thread 4132] [0.0] [cxt 0] Deparser 'deparser': end
[08:05:46.911] [bmv2] [D] [thread 4136] [0.0] [cxt 0] Transmitting packet of size 90 out of port 0
[08:05:46.945] [bmv2] [D] [thread 4131] [1.0] [cxt 0] Processing packet received on port 1
[08:05:46.945] [bmv2] [D] [thread 4131] [1.0] [cxt 0] Parser 'parser': start
[08:05:46.945] [bmv2] [D] [thread 4131] [1.0] [cxt 0] Parser 'parser' entering state 'start'
[08:05:46.945] [bmv2] [D] [thread 4131] [1.0] [cxt 0] Extracting header 'ethernet'
[08:05:46.945] [bmv2] [D] [thread 4131] [1.0] [cxt 0] Parser state 'start': key is 86dd
[08:05:46.945] [bmv2] [T] [thread 4131] [1.0] [cxt 0] Bytes parsed: 14
[08:05:46.945] [bmv2] [D] [thread 4131] [1.0] [cxt 0] Parser 'parser': end
[08:05:46.945] [bmv2] [D] [thread 4131] [1.0] [cxt 0] Pipeline 'ingress': start
[08:05:46.945] [bmv2] [T] [thread 4131] [1.0] [cxt 0] digest_messages.p4(140) Condition "hdr.ipv4.isValid()" (node_2) is false
[08:05:46.946] [bmv2] [D] [thread 4131] [1.0] [cxt 0] Pipeline 'ingress': end
[08:05:46.946] [bmv2] [D] [thread 4131] [1.0] [cxt 0] Egress port is 0
[08:05:46.946] [bmv2] [D] [thread 4132] [1.0] [cxt 0] Pipeline 'egress': start
[08:05:46.946] [bmv2] [D] [thread 4132] [1.0] [cxt 0] Pipeline 'egress': end
[08:05:46.946] [bmv2] [D] [thread 4132] [1.0] [cxt 0] Deparser 'deparser': start
[08:05:46.946] [bmv2] [T] [thread 4132] [1.0] [cxt 0] Skipping checksum 'cksum' update because condition not met
[08:05:46.946] [bmv2] [D] [thread 4132] [1.0] [cxt 0] Deparsing header 'ethernet'
[08:05:46.946] [bmv2] [D] [thread 4132] [1.0] [cxt 0] Deparser 'deparser': end
[08:05:46.946] [bmv2] [D] [thread 4136] [1.0] [cxt 0] Transmitting packet of size 78 out of port 0
[08:05:47.085] [bmv2] [D] [thread 4131] [2.0] [cxt 0] Processing packet received on port 1
[08:05:47.085] [bmv2] [D] [thread 4131] [2.0] [cxt 0] Parser 'parser': start
[08:05:47.085] [bmv2] [D] [thread 4131] [2.0] [cxt 0] Parser 'parser' entering state 'start'
[08:05:47.085] [bmv2] [D] [thread 4131] [2.0] [cxt 0] Extracting header 'ethernet'
[08:05:47.085] [bmv2] [D] [thread 4131] [2.0] [cxt 0] Parser state 'start': key is 86dd
[08:05:47.085] [bmv2] [T] [thread 4131] [2.0] [cxt 0] Bytes parsed: 14
[08:05:47.085] [bmv2] [D] [thread 4131] [2.0] [cxt 0] Parser 'parser': end
[08:05:47.085] [bmv2] [D] [thread 4131] [2.0] [cxt 0] Pipeline 'ingress': start
[08:05:47.085] [bmv2] [T] [thread 4131] [2.0] [cxt 0] digest_messages.p4(140) Condition "hdr.ipv4.isValid()" (node_2) is false
[08:05:47.085] [bmv2] [D] [thread 4131] [2.0] [cxt 0] Pipeline 'ingress': end
[08:05:47.085] [bmv2] [D] [thread 4131] [2.0] [cxt 0] Egress port is 0
[08:05:47.086] [bmv2] [D] [thread 4132] [2.0] [cxt 0] Pipeline 'egress': start
[08:05:47.086] [bmv2] [D] [thread 4132] [2.0] [cxt 0] Pipeline 'egress': end
[08:05:47.086] [bmv2] [D] [thread 4132] [2.0] [cxt 0] Deparser 'deparser': start
[08:05:47.086] [bmv2] [T] [thread 4132] [2.0] [cxt 0] Skipping checksum 'cksum' update because condition not met
[08:05:47.086] [bmv2] [D] [thread 4132] [2.0] [cxt 0] Deparsing header 'ethernet'
[08:05:47.086] [bmv2] [D] [thread 4132] [2.0] [cxt 0] Deparser 'deparser': end
[08:05:47.086] [bmv2] [D] [thread 4136] [2.0] [cxt 0] Transmitting packet of size 90 out of port 0
[08:05:47.536] [bmv2] [D] [thread 4131] [3.0] [cxt 0] Processing packet received on port 2
[08:05:47.536] [bmv2] [D] [thread 4131] [3.0] [cxt 0] Parser 'parser': start
[08:05:47.536] [bmv2] [D] [thread 4131] [3.0] [cxt 0] Parser 'parser' entering state 'start'
[08:05:47.536] [bmv2] [D] [thread 4131] [3.0] [cxt 0] Extracting header 'ethernet'
[08:05:47.536] [bmv2] [D] [thread 4131] [3.0] [cxt 0] Parser state 'start': key is 86dd
[08:05:47.536] [bmv2] [T] [thread 4131] [3.0] [cxt 0] Bytes parsed: 14
[08:05:47.536] [bmv2] [D] [thread 4131] [3.0] [cxt 0] Parser 'parser': end
[08:05:47.536] [bmv2] [D] [thread 4131] [3.0] [cxt 0] Pipeline 'ingress': start
[08:05:47.536] [bmv2] [T] [thread 4131] [3.0] [cxt 0] digest_messages.p4(140) Condition "hdr.ipv4.isValid()" (node_2) is false
[08:05:47.536] [bmv2] [D] [thread 4131] [3.0] [cxt 0] Pipeline 'ingress': end
[08:05:47.536] [bmv2] [D] [thread 4131] [3.0] [cxt 0] Egress port is 0
[08:05:47.536] [bmv2] [D] [thread 4132] [3.0] [cxt 0] Pipeline 'egress': start
[08:05:47.536] [bmv2] [D] [thread 4132] [3.0] [cxt 0] Pipeline 'egress': end
[08:05:47.536] [bmv2] [D] [thread 4132] [3.0] [cxt 0] Deparser 'deparser': start
[08:05:47.536] [bmv2] [T] [thread 4132] [3.0] [cxt 0] Skipping checksum 'cksum' update because condition not met
[08:05:47.536] [bmv2] [D] [thread 4132] [3.0] [cxt 0] Deparsing header 'ethernet'
[08:05:47.536] [bmv2] [D] [thread 4132] [3.0] [cxt 0] Deparser 'deparser': end
[08:05:47.536] [bmv2] [D] [thread 4136] [3.0] [cxt 0] Transmitting packet of size 78 out of port 0
[08:05:48.868] [bmv2] [T] [thread 4473] bm_get_config
[08:05:48.869] [bmv2] [T] [thread 4473] bm_set_default_action
[08:05:48.869] [bmv2] [D] [thread 4473] Set default entry for table 'MyIngress.ipv4_lpm': MyIngress.drop - 
[08:05:48.869] [bmv2] [T] [thread 4473] bm_table_add_entry
[08:05:48.869] [bmv2] [D] [thread 4473] Entry 0 added to table 'MyIngress.ipv4_lpm'
[08:05:48.869] [bmv2] [D] [thread 4473] Dumping entry 0
Match key:
* hdr.ipv4.dstAddr    : LPM       0a000101/32
Action entry: MyIngress.ipv4_forward - a000101,1,

[08:05:48.869] [bmv2] [T] [thread 4473] bm_table_add_entry
[08:05:48.869] [bmv2] [D] [thread 4473] Entry 1 added to table 'MyIngress.ipv4_lpm'
[08:05:48.869] [bmv2] [D] [thread 4473] Dumping entry 1
Match key:
* hdr.ipv4.dstAddr    : LPM       0a000102/32
Action entry: MyIngress.ipv4_forward - a000102,2,

[08:05:48.869] [bmv2] [T] [thread 4473] mirroring_sesssion_add
[08:06:03.367] [bmv2] [T] [thread 4504] bm_get_config
[08:06:03.367] [bmv2] [T] [thread 4504] bm_mt_get_entries
[08:06:03.368] [bmv2] [T] [thread 4504] bm_mgmt_get_info
[08:06:08.905] [bmv2] [D] [thread 4131] [4.0] [cxt 0] Processing packet received on port 1
[08:06:08.905] [bmv2] [D] [thread 4131] [4.0] [cxt 0] Parser 'parser': start
[08:06:08.906] [bmv2] [D] [thread 4131] [4.0] [cxt 0] Parser 'parser' entering state 'start'
[08:06:08.906] [bmv2] [D] [thread 4131] [4.0] [cxt 0] Extracting header 'ethernet'
[08:06:08.906] [bmv2] [D] [thread 4131] [4.0] [cxt 0] Parser state 'start': key is 0800
[08:06:08.906] [bmv2] [T] [thread 4131] [4.0] [cxt 0] Bytes parsed: 14
[08:06:08.906] [bmv2] [D] [thread 4131] [4.0] [cxt 0] Parser 'parser' entering state 'ipv4'
[08:06:08.906] [bmv2] [D] [thread 4131] [4.0] [cxt 0] Extracting header 'ipv4'
[08:06:08.906] [bmv2] [D] [thread 4131] [4.0] [cxt 0] Parser state 'ipv4' has no switch, going to default next state
[08:06:08.906] [bmv2] [T] [thread 4131] [4.0] [cxt 0] Bytes parsed: 34
[08:06:08.906] [bmv2] [D] [thread 4131] [4.0] [cxt 0] Parser 'parser': end
[08:06:08.906] [bmv2] [D] [thread 4131] [4.0] [cxt 0] Pipeline 'ingress': start
[08:06:08.906] [bmv2] [T] [thread 4131] [4.0] [cxt 0] digest_messages.p4(140) Condition "hdr.ipv4.isValid()" (node_2) is true
[08:06:08.906] [bmv2] [T] [thread 4131] [4.0] [cxt 0] Applying table 'MyIngress.ipv4_lpm'
[08:06:08.906] [bmv2] [D] [thread 4131] [4.0] [cxt 0] Looking up key:
* hdr.ipv4.dstAddr    : 0a000102

[08:06:08.906] [bmv2] [D] [thread 4131] [4.0] [cxt 0] Table 'MyIngress.ipv4_lpm': hit with handle 1
[08:06:08.906] [bmv2] [D] [thread 4131] [4.0] [cxt 0] Dumping entry 1
Match key:
* hdr.ipv4.dstAddr    : LPM       0a000102/32
Action entry: MyIngress.ipv4_forward - a000102,2,

[08:06:08.906] [bmv2] [D] [thread 4131] [4.0] [cxt 0] Action entry is MyIngress.ipv4_forward - a000102,2,
[08:06:08.906] [bmv2] [T] [thread 4131] [4.0] [cxt 0] Action MyIngress.ipv4_forward
[08:06:08.906] [bmv2] [T] [thread 4131] [4.0] [cxt 0] digest_messages.p4(107) Primitive hdr.ethernet.srcAddr = hdr.ethernet.dstAddr
[08:06:08.906] [bmv2] [T] [thread 4131] [4.0] [cxt 0] digest_messages.p4(110) Primitive hdr.ethernet.dstAddr = dstAddr
[08:06:08.906] [bmv2] [T] [thread 4131] [4.0] [cxt 0] digest_messages.p4(113) Primitive standard_metadata.egress_spec = port
[08:06:08.906] [bmv2] [T] [thread 4131] [4.0] [cxt 0] digest_messages.p4(116) Primitive hdr.ipv4.ttl = hdr.ipv4.ttl -1
[08:06:08.906] [bmv2] [T] [thread 4131] [4.0] [cxt 0] digest_messages.p4(117) Primitive random(meta.learn.digest,(bit<8>) 0, (bit<8>) 255)
[08:06:08.906] [bmv2] [T] [thread 4131] [4.0] [cxt 0] random(lo=0, hi=255) = 182
[08:06:08.906] [bmv2] [T] [thread 4131] [4.0] [cxt 0] digest_messages.p4(118) Primitive meta.learn.srcIP = hdr.ipv4.srcAddr
[08:06:08.906] [bmv2] [T] [thread 4131] [4.0] [cxt 0] digest_messages.p4(119) Primitive meta.learn.dstIP = hdr.ipv4.dstAddr
[08:06:08.906] [bmv2] [T] [thread 4131] [4.0] [cxt 0] digest_messages.p4(122) Primitive meta
[08:06:08.906] [bmv2] [T] [thread 4131] [4.0] [cxt 0] digest_messages.p4(118) Primitive hdr.ipv4.srcAddr
[08:06:08.906] [bmv2] [T] [thread 4131] [4.0] [cxt 0] digest_messages.p4(119) Primitive hdr.ipv4.dstAddr
[08:06:08.906] [bmv2] [T] [thread 4131] [4.0] [cxt 0] digest_messages.p4(122) Primitive digest(1, meta.learn)
[08:06:08.906] [bmv2] [D] [thread 4131] [4.0] [cxt 0] Pipeline 'ingress': end
[08:06:08.906] [bmv2] [T] [thread 4131] Learning sample for list id 1
[08:06:08.906] [bmv2] [D] [thread 4131] [4.0] [cxt 0] Egress port is 2
[08:06:08.906] [bmv2] [D] [thread 4134] [4.0] [cxt 0] Pipeline 'egress': start
[08:06:08.906] [bmv2] [D] [thread 4134] [4.0] [cxt 0] Pipeline 'egress': end
[08:06:08.906] [bmv2] [D] [thread 4134] [4.0] [cxt 0] Deparser 'deparser': start
[08:06:08.906] [bmv2] [D] [thread 4134] [4.0] [cxt 0] Updating checksum 'cksum'
[08:06:08.906] [bmv2] [D] [thread 4134] [4.0] [cxt 0] Deparsing header 'ethernet'
[08:06:08.906] [bmv2] [D] [thread 4134] [4.0] [cxt 0] Deparsing header 'ipv4'
[08:06:08.906] [bmv2] [D] [thread 4134] [4.0] [cxt 0] Deparser 'deparser': end
[08:06:08.906] [bmv2] [D] [thread 4136] [4.0] [cxt 0] Transmitting packet of size 98 out of port 2
[08:06:08.906] [bmv2] [D] [thread 4131] [5.0] [cxt 0] Processing packet received on port 2
[08:06:08.906] [bmv2] [D] [thread 4131] [5.0] [cxt 0] Parser 'parser': start
[08:06:08.906] [bmv2] [D] [thread 4131] [5.0] [cxt 0] Parser 'parser' entering state 'start'
[08:06:08.906] [bmv2] [D] [thread 4131] [5.0] [cxt 0] Extracting header 'ethernet'
[08:06:08.906] [bmv2] [D] [thread 4131] [5.0] [cxt 0] Parser state 'start': key is 0800
[08:06:08.906] [bmv2] [T] [thread 4131] [5.0] [cxt 0] Bytes parsed: 14
[08:06:08.906] [bmv2] [D] [thread 4131] [5.0] [cxt 0] Parser 'parser' entering state 'ipv4'
[08:06:08.906] [bmv2] [D] [thread 4131] [5.0] [cxt 0] Extracting header 'ipv4'
[08:06:08.906] [bmv2] [D] [thread 4131] [5.0] [cxt 0] Parser state 'ipv4' has no switch, going to default next state
[08:06:08.906] [bmv2] [T] [thread 4131] [5.0] [cxt 0] Bytes parsed: 34
[08:06:08.906] [bmv2] [D] [thread 4131] [5.0] [cxt 0] Parser 'parser': end
[08:06:08.906] [bmv2] [D] [thread 4131] [5.0] [cxt 0] Pipeline 'ingress': start
[08:06:08.906] [bmv2] [T] [thread 4131] [5.0] [cxt 0] digest_messages.p4(140) Condition "hdr.ipv4.isValid()" (node_2) is true
[08:06:08.906] [bmv2] [T] [thread 4131] [5.0] [cxt 0] Applying table 'MyIngress.ipv4_lpm'
[08:06:08.906] [bmv2] [D] [thread 4131] [5.0] [cxt 0] Looking up key:
* hdr.ipv4.dstAddr    : 0a000101

[08:06:08.906] [bmv2] [D] [thread 4131] [5.0] [cxt 0] Table 'MyIngress.ipv4_lpm': hit with handle 0
[08:06:08.906] [bmv2] [D] [thread 4131] [5.0] [cxt 0] Dumping entry 0
Match key:
* hdr.ipv4.dstAddr    : LPM       0a000101/32
Action entry: MyIngress.ipv4_forward - a000101,1,

[08:06:08.906] [bmv2] [D] [thread 4131] [5.0] [cxt 0] Action entry is MyIngress.ipv4_forward - a000101,1,
[08:06:08.906] [bmv2] [T] [thread 4131] [5.0] [cxt 0] Action MyIngress.ipv4_forward
[08:06:08.906] [bmv2] [T] [thread 4131] [5.0] [cxt 0] digest_messages.p4(107) Primitive hdr.ethernet.srcAddr = hdr.ethernet.dstAddr
[08:06:08.906] [bmv2] [T] [thread 4131] [5.0] [cxt 0] digest_messages.p4(110) Primitive hdr.ethernet.dstAddr = dstAddr
[08:06:08.907] [bmv2] [T] [thread 4131] [5.0] [cxt 0] digest_messages.p4(113) Primitive standard_metadata.egress_spec = port
[08:06:08.907] [bmv2] [T] [thread 4131] [5.0] [cxt 0] digest_messages.p4(116) Primitive hdr.ipv4.ttl = hdr.ipv4.ttl -1
[08:06:08.907] [bmv2] [T] [thread 4131] [5.0] [cxt 0] digest_messages.p4(117) Primitive random(meta.learn.digest,(bit<8>) 0, (bit<8>) 255)
[08:06:08.907] [bmv2] [T] [thread 4131] [5.0] [cxt 0] random(lo=0, hi=255) = 165
[08:06:08.907] [bmv2] [T] [thread 4131] [5.0] [cxt 0] digest_messages.p4(118) Primitive meta.learn.srcIP = hdr.ipv4.srcAddr
[08:06:08.907] [bmv2] [T] [thread 4131] [5.0] [cxt 0] digest_messages.p4(119) Primitive meta.learn.dstIP = hdr.ipv4.dstAddr
[08:06:08.907] [bmv2] [T] [thread 4131] [5.0] [cxt 0] digest_messages.p4(122) Primitive meta
[08:06:08.907] [bmv2] [T] [thread 4131] [5.0] [cxt 0] digest_messages.p4(118) Primitive hdr.ipv4.srcAddr
[08:06:08.907] [bmv2] [T] [thread 4131] [5.0] [cxt 0] digest_messages.p4(119) Primitive hdr.ipv4.dstAddr
[08:06:08.907] [bmv2] [T] [thread 4131] [5.0] [cxt 0] digest_messages.p4(122) Primitive digest(1, meta.learn)
[08:06:08.907] [bmv2] [D] [thread 4131] [5.0] [cxt 0] Pipeline 'ingress': end
[08:06:08.907] [bmv2] [T] [thread 4131] Learning sample for list id 1
[08:06:08.907] [bmv2] [D] [thread 4131] [5.0] [cxt 0] Egress port is 1
[08:06:08.907] [bmv2] [D] [thread 4133] [5.0] [cxt 0] Pipeline 'egress': start
[08:06:08.907] [bmv2] [D] [thread 4133] [5.0] [cxt 0] Pipeline 'egress': end
[08:06:08.907] [bmv2] [D] [thread 4133] [5.0] [cxt 0] Deparser 'deparser': start
[08:06:08.907] [bmv2] [D] [thread 4133] [5.0] [cxt 0] Updating checksum 'cksum'
[08:06:08.907] [bmv2] [D] [thread 4133] [5.0] [cxt 0] Deparsing header 'ethernet'
[08:06:08.907] [bmv2] [D] [thread 4133] [5.0] [cxt 0] Deparsing header 'ipv4'
[08:06:08.907] [bmv2] [D] [thread 4133] [5.0] [cxt 0] Deparser 'deparser': end
[08:06:08.907] [bmv2] [D] [thread 4136] [5.0] [cxt 0] Transmitting packet of size 98 out of port 1
[08:06:09.907] [bmv2] [T] [thread 4127] Sending learning notification for list id 1 (buffer id 0)
[08:06:09.909] [bmv2] [T] [thread 4504] bm_learning_ack_buffer
[08:06:09.909] [bmv2] [D] [thread 4131] [6.0] [cxt 0] Processing packet received on port 1
[08:06:09.909] [bmv2] [D] [thread 4131] [6.0] [cxt 0] Parser 'parser': start
[08:06:09.909] [bmv2] [D] [thread 4131] [6.0] [cxt 0] Parser 'parser' entering state 'start'
[08:06:09.909] [bmv2] [D] [thread 4131] [6.0] [cxt 0] Extracting header 'ethernet'
[08:06:09.909] [bmv2] [D] [thread 4131] [6.0] [cxt 0] Parser state 'start': key is 0800
[08:06:09.909] [bmv2] [T] [thread 4131] [6.0] [cxt 0] Bytes parsed: 14
[08:06:09.909] [bmv2] [D] [thread 4131] [6.0] [cxt 0] Parser 'parser' entering state 'ipv4'
[08:06:09.909] [bmv2] [D] [thread 4131] [6.0] [cxt 0] Extracting header 'ipv4'
[08:06:09.909] [bmv2] [D] [thread 4131] [6.0] [cxt 0] Parser state 'ipv4' has no switch, going to default next state
[08:06:09.909] [bmv2] [T] [thread 4131] [6.0] [cxt 0] Bytes parsed: 34
[08:06:09.909] [bmv2] [D] [thread 4131] [6.0] [cxt 0] Parser 'parser': end
[08:06:09.909] [bmv2] [D] [thread 4131] [6.0] [cxt 0] Pipeline 'ingress': start
[08:06:09.909] [bmv2] [T] [thread 4131] [6.0] [cxt 0] digest_messages.p4(140) Condition "hdr.ipv4.isValid()" (node_2) is true
[08:06:09.909] [bmv2] [T] [thread 4131] [6.0] [cxt 0] Applying table 'MyIngress.ipv4_lpm'
[08:06:09.909] [bmv2] [D] [thread 4131] [6.0] [cxt 0] Looking up key:
* hdr.ipv4.dstAddr    : 0a000102

[08:06:09.909] [bmv2] [D] [thread 4131] [6.0] [cxt 0] Table 'MyIngress.ipv4_lpm': hit with handle 1
[08:06:09.910] [bmv2] [D] [thread 4131] [6.0] [cxt 0] Dumping entry 1
Match key:
* hdr.ipv4.dstAddr    : LPM       0a000102/32
Action entry: MyIngress.ipv4_forward - a000102,2,

[08:06:09.910] [bmv2] [D] [thread 4131] [6.0] [cxt 0] Action entry is MyIngress.ipv4_forward - a000102,2,
[08:06:09.910] [bmv2] [T] [thread 4131] [6.0] [cxt 0] Action MyIngress.ipv4_forward
[08:06:09.910] [bmv2] [T] [thread 4131] [6.0] [cxt 0] digest_messages.p4(107) Primitive hdr.ethernet.srcAddr = hdr.ethernet.dstAddr
[08:06:09.910] [bmv2] [T] [thread 4131] [6.0] [cxt 0] digest_messages.p4(110) Primitive hdr.ethernet.dstAddr = dstAddr
[08:06:09.910] [bmv2] [T] [thread 4131] [6.0] [cxt 0] digest_messages.p4(113) Primitive standard_metadata.egress_spec = port
[08:06:09.910] [bmv2] [T] [thread 4131] [6.0] [cxt 0] digest_messages.p4(116) Primitive hdr.ipv4.ttl = hdr.ipv4.ttl -1
[08:06:09.910] [bmv2] [T] [thread 4131] [6.0] [cxt 0] digest_messages.p4(117) Primitive random(meta.learn.digest,(bit<8>) 0, (bit<8>) 255)
[08:06:09.910] [bmv2] [T] [thread 4131] [6.0] [cxt 0] random(lo=0, hi=255) = 250
[08:06:09.910] [bmv2] [T] [thread 4131] [6.0] [cxt 0] digest_messages.p4(118) Primitive meta.learn.srcIP = hdr.ipv4.srcAddr
[08:06:09.910] [bmv2] [T] [thread 4131] [6.0] [cxt 0] digest_messages.p4(119) Primitive meta.learn.dstIP = hdr.ipv4.dstAddr
[08:06:09.910] [bmv2] [T] [thread 4131] [6.0] [cxt 0] digest_messages.p4(122) Primitive meta
[08:06:09.910] [bmv2] [T] [thread 4131] [6.0] [cxt 0] digest_messages.p4(118) Primitive hdr.ipv4.srcAddr
[08:06:09.910] [bmv2] [T] [thread 4131] [6.0] [cxt 0] digest_messages.p4(119) Primitive hdr.ipv4.dstAddr
[08:06:09.910] [bmv2] [T] [thread 4131] [6.0] [cxt 0] digest_messages.p4(122) Primitive digest(1, meta.learn)
[08:06:09.910] [bmv2] [D] [thread 4131] [6.0] [cxt 0] Pipeline 'ingress': end
[08:06:09.910] [bmv2] [T] [thread 4131] Learning sample for list id 1
[08:06:09.910] [bmv2] [D] [thread 4131] [6.0] [cxt 0] Egress port is 2
[08:06:09.910] [bmv2] [D] [thread 4134] [6.0] [cxt 0] Pipeline 'egress': start
[08:06:09.910] [bmv2] [D] [thread 4134] [6.0] [cxt 0] Pipeline 'egress': end
[08:06:09.910] [bmv2] [D] [thread 4134] [6.0] [cxt 0] Deparser 'deparser': start
[08:06:09.910] [bmv2] [D] [thread 4134] [6.0] [cxt 0] Updating checksum 'cksum'
[08:06:09.911] [bmv2] [D] [thread 4134] [6.0] [cxt 0] Deparsing header 'ethernet'
[08:06:09.911] [bmv2] [D] [thread 4134] [6.0] [cxt 0] Deparsing header 'ipv4'
[08:06:09.911] [bmv2] [D] [thread 4134] [6.0] [cxt 0] Deparser 'deparser': end
[08:06:09.911] [bmv2] [D] [thread 4136] [6.0] [cxt 0] Transmitting packet of size 98 out of port 2
[08:06:09.911] [bmv2] [D] [thread 4131] [7.0] [cxt 0] Processing packet received on port 2
[08:06:09.912] [bmv2] [D] [thread 4131] [7.0] [cxt 0] Parser 'parser': start
[08:06:09.912] [bmv2] [D] [thread 4131] [7.0] [cxt 0] Parser 'parser' entering state 'start'
[08:06:09.912] [bmv2] [D] [thread 4131] [7.0] [cxt 0] Extracting header 'ethernet'
[08:06:09.912] [bmv2] [D] [thread 4131] [7.0] [cxt 0] Parser state 'start': key is 0800
[08:06:09.912] [bmv2] [T] [thread 4131] [7.0] [cxt 0] Bytes parsed: 14
[08:06:09.912] [bmv2] [D] [thread 4131] [7.0] [cxt 0] Parser 'parser' entering state 'ipv4'
[08:06:09.912] [bmv2] [D] [thread 4131] [7.0] [cxt 0] Extracting header 'ipv4'
[08:06:09.912] [bmv2] [D] [thread 4131] [7.0] [cxt 0] Parser state 'ipv4' has no switch, going to default next state
[08:06:09.912] [bmv2] [T] [thread 4131] [7.0] [cxt 0] Bytes parsed: 34
[08:06:09.912] [bmv2] [D] [thread 4131] [7.0] [cxt 0] Parser 'parser': end
[08:06:09.912] [bmv2] [D] [thread 4131] [7.0] [cxt 0] Pipeline 'ingress': start
[08:06:09.912] [bmv2] [T] [thread 4131] [7.0] [cxt 0] digest_messages.p4(140) Condition "hdr.ipv4.isValid()" (node_2) is true
[08:06:09.912] [bmv2] [T] [thread 4131] [7.0] [cxt 0] Applying table 'MyIngress.ipv4_lpm'
[08:06:09.912] [bmv2] [D] [thread 4131] [7.0] [cxt 0] Looking up key:
* hdr.ipv4.dstAddr    : 0a000101

[08:06:09.912] [bmv2] [D] [thread 4131] [7.0] [cxt 0] Table 'MyIngress.ipv4_lpm': hit with handle 0
[08:06:09.912] [bmv2] [D] [thread 4131] [7.0] [cxt 0] Dumping entry 0
Match key:
* hdr.ipv4.dstAddr    : LPM       0a000101/32
Action entry: MyIngress.ipv4_forward - a000101,1,

[08:06:09.912] [bmv2] [D] [thread 4131] [7.0] [cxt 0] Action entry is MyIngress.ipv4_forward - a000101,1,
[08:06:09.912] [bmv2] [T] [thread 4131] [7.0] [cxt 0] Action MyIngress.ipv4_forward
[08:06:09.912] [bmv2] [T] [thread 4131] [7.0] [cxt 0] digest_messages.p4(107) Primitive hdr.ethernet.srcAddr = hdr.ethernet.dstAddr
[08:06:09.912] [bmv2] [T] [thread 4131] [7.0] [cxt 0] digest_messages.p4(110) Primitive hdr.ethernet.dstAddr = dstAddr
[08:06:09.912] [bmv2] [T] [thread 4131] [7.0] [cxt 0] digest_messages.p4(113) Primitive standard_metadata.egress_spec = port
[08:06:09.912] [bmv2] [T] [thread 4131] [7.0] [cxt 0] digest_messages.p4(116) Primitive hdr.ipv4.ttl = hdr.ipv4.ttl -1
[08:06:09.912] [bmv2] [T] [thread 4131] [7.0] [cxt 0] digest_messages.p4(117) Primitive random(meta.learn.digest,(bit<8>) 0, (bit<8>) 255)
[08:06:09.912] [bmv2] [T] [thread 4131] [7.0] [cxt 0] random(lo=0, hi=255) = 62
[08:06:09.912] [bmv2] [T] [thread 4131] [7.0] [cxt 0] digest_messages.p4(118) Primitive meta.learn.srcIP = hdr.ipv4.srcAddr
[08:06:09.913] [bmv2] [T] [thread 4131] [7.0] [cxt 0] digest_messages.p4(119) Primitive meta.learn.dstIP = hdr.ipv4.dstAddr
[08:06:09.913] [bmv2] [T] [thread 4131] [7.0] [cxt 0] digest_messages.p4(122) Primitive meta
[08:06:09.913] [bmv2] [T] [thread 4131] [7.0] [cxt 0] digest_messages.p4(118) Primitive hdr.ipv4.srcAddr
[08:06:09.913] [bmv2] [T] [thread 4131] [7.0] [cxt 0] digest_messages.p4(119) Primitive hdr.ipv4.dstAddr
[08:06:09.913] [bmv2] [T] [thread 4131] [7.0] [cxt 0] digest_messages.p4(122) Primitive digest(1, meta.learn)
[08:06:09.913] [bmv2] [D] [thread 4131] [7.0] [cxt 0] Pipeline 'ingress': end
[08:06:09.913] [bmv2] [T] [thread 4131] Learning sample for list id 1
[08:06:09.913] [bmv2] [D] [thread 4131] [7.0] [cxt 0] Egress port is 1
[08:06:09.913] [bmv2] [D] [thread 4133] [7.0] [cxt 0] Pipeline 'egress': start
[08:06:09.913] [bmv2] [D] [thread 4133] [7.0] [cxt 0] Pipeline 'egress': end
[08:06:09.913] [bmv2] [D] [thread 4133] [7.0] [cxt 0] Deparser 'deparser': start
[08:06:09.913] [bmv2] [D] [thread 4133] [7.0] [cxt 0] Updating checksum 'cksum'
[08:06:09.913] [bmv2] [D] [thread 4133] [7.0] [cxt 0] Deparsing header 'ethernet'
[08:06:09.913] [bmv2] [D] [thread 4133] [7.0] [cxt 0] Deparsing header 'ipv4'
[08:06:09.913] [bmv2] [D] [thread 4133] [7.0] [cxt 0] Deparser 'deparser': end
[08:06:09.913] [bmv2] [D] [thread 4136] [7.0] [cxt 0] Transmitting packet of size 98 out of port 1
[08:06:10.910] [bmv2] [T] [thread 4127] Sending learning notification for list id 1 (buffer id 1)
[08:06:10.911] [bmv2] [D] [thread 4131] [8.0] [cxt 0] Processing packet received on port 1
[08:06:10.912] [bmv2] [D] [thread 4131] [8.0] [cxt 0] Parser 'parser': start
[08:06:10.912] [bmv2] [D] [thread 4131] [8.0] [cxt 0] Parser 'parser' entering state 'start'
[08:06:10.912] [bmv2] [T] [thread 4504] bm_learning_ack_buffer
[08:06:10.912] [bmv2] [D] [thread 4131] [8.0] [cxt 0] Extracting header 'ethernet'
[08:06:10.912] [bmv2] [D] [thread 4131] [8.0] [cxt 0] Parser state 'start': key is 0800
[08:06:10.912] [bmv2] [T] [thread 4131] [8.0] [cxt 0] Bytes parsed: 14
[08:06:10.912] [bmv2] [D] [thread 4131] [8.0] [cxt 0] Parser 'parser' entering state 'ipv4'
[08:06:10.912] [bmv2] [D] [thread 4131] [8.0] [cxt 0] Extracting header 'ipv4'
[08:06:10.912] [bmv2] [D] [thread 4131] [8.0] [cxt 0] Parser state 'ipv4' has no switch, going to default next state
[08:06:10.912] [bmv2] [T] [thread 4131] [8.0] [cxt 0] Bytes parsed: 34
[08:06:10.912] [bmv2] [D] [thread 4131] [8.0] [cxt 0] Parser 'parser': end
[08:06:10.912] [bmv2] [D] [thread 4131] [8.0] [cxt 0] Pipeline 'ingress': start
[08:06:10.912] [bmv2] [T] [thread 4131] [8.0] [cxt 0] digest_messages.p4(140) Condition "hdr.ipv4.isValid()" (node_2) is true
[08:06:10.912] [bmv2] [T] [thread 4131] [8.0] [cxt 0] Applying table 'MyIngress.ipv4_lpm'
[08:06:10.912] [bmv2] [D] [thread 4131] [8.0] [cxt 0] Looking up key:
* hdr.ipv4.dstAddr    : 0a000102

[08:06:10.912] [bmv2] [D] [thread 4131] [8.0] [cxt 0] Table 'MyIngress.ipv4_lpm': hit with handle 1
[08:06:10.912] [bmv2] [D] [thread 4131] [8.0] [cxt 0] Dumping entry 1
Match key:
* hdr.ipv4.dstAddr    : LPM       0a000102/32
Action entry: MyIngress.ipv4_forward - a000102,2,

[08:06:10.912] [bmv2] [D] [thread 4131] [8.0] [cxt 0] Action entry is MyIngress.ipv4_forward - a000102,2,
[08:06:10.912] [bmv2] [T] [thread 4131] [8.0] [cxt 0] Action MyIngress.ipv4_forward
[08:06:10.912] [bmv2] [T] [thread 4131] [8.0] [cxt 0] digest_messages.p4(107) Primitive hdr.ethernet.srcAddr = hdr.ethernet.dstAddr
[08:06:10.912] [bmv2] [T] [thread 4131] [8.0] [cxt 0] digest_messages.p4(110) Primitive hdr.ethernet.dstAddr = dstAddr
[08:06:10.912] [bmv2] [T] [thread 4131] [8.0] [cxt 0] digest_messages.p4(113) Primitive standard_metadata.egress_spec = port
[08:06:10.912] [bmv2] [T] [thread 4131] [8.0] [cxt 0] digest_messages.p4(116) Primitive hdr.ipv4.ttl = hdr.ipv4.ttl -1
[08:06:10.912] [bmv2] [T] [thread 4131] [8.0] [cxt 0] digest_messages.p4(117) Primitive random(meta.learn.digest,(bit<8>) 0, (bit<8>) 255)
[08:06:10.913] [bmv2] [T] [thread 4131] [8.0] [cxt 0] random(lo=0, hi=255) = 66
[08:06:10.913] [bmv2] [T] [thread 4131] [8.0] [cxt 0] digest_messages.p4(118) Primitive meta.learn.srcIP = hdr.ipv4.srcAddr
[08:06:10.913] [bmv2] [T] [thread 4131] [8.0] [cxt 0] digest_messages.p4(119) Primitive meta.learn.dstIP = hdr.ipv4.dstAddr
[08:06:10.913] [bmv2] [T] [thread 4131] [8.0] [cxt 0] digest_messages.p4(122) Primitive meta
[08:06:10.913] [bmv2] [T] [thread 4131] [8.0] [cxt 0] digest_messages.p4(118) Primitive hdr.ipv4.srcAddr
[08:06:10.913] [bmv2] [T] [thread 4131] [8.0] [cxt 0] digest_messages.p4(119) Primitive hdr.ipv4.dstAddr
[08:06:10.913] [bmv2] [T] [thread 4131] [8.0] [cxt 0] digest_messages.p4(122) Primitive digest(1, meta.learn)
[08:06:10.913] [bmv2] [D] [thread 4131] [8.0] [cxt 0] Pipeline 'ingress': end
[08:06:10.913] [bmv2] [T] [thread 4131] Learning sample for list id 1
[08:06:10.913] [bmv2] [D] [thread 4131] [8.0] [cxt 0] Egress port is 2
[08:06:10.913] [bmv2] [D] [thread 4134] [8.0] [cxt 0] Pipeline 'egress': start
[08:06:10.913] [bmv2] [D] [thread 4134] [8.0] [cxt 0] Pipeline 'egress': end
[08:06:10.913] [bmv2] [D] [thread 4134] [8.0] [cxt 0] Deparser 'deparser': start
[08:06:10.913] [bmv2] [D] [thread 4134] [8.0] [cxt 0] Updating checksum 'cksum'
[08:06:10.913] [bmv2] [D] [thread 4134] [8.0] [cxt 0] Deparsing header 'ethernet'
[08:06:10.914] [bmv2] [D] [thread 4134] [8.0] [cxt 0] Deparsing header 'ipv4'
[08:06:10.914] [bmv2] [D] [thread 4134] [8.0] [cxt 0] Deparser 'deparser': end
[08:06:10.914] [bmv2] [D] [thread 4136] [8.0] [cxt 0] Transmitting packet of size 98 out of port 2
[08:06:10.914] [bmv2] [D] [thread 4131] [9.0] [cxt 0] Processing packet received on port 2
[08:06:10.914] [bmv2] [D] [thread 4131] [9.0] [cxt 0] Parser 'parser': start
[08:06:10.915] [bmv2] [D] [thread 4131] [9.0] [cxt 0] Parser 'parser' entering state 'start'
[08:06:10.915] [bmv2] [D] [thread 4131] [9.0] [cxt 0] Extracting header 'ethernet'
[08:06:10.915] [bmv2] [D] [thread 4131] [9.0] [cxt 0] Parser state 'start': key is 0800
[08:06:10.915] [bmv2] [T] [thread 4131] [9.0] [cxt 0] Bytes parsed: 14
[08:06:10.915] [bmv2] [D] [thread 4131] [9.0] [cxt 0] Parser 'parser' entering state 'ipv4'
[08:06:10.915] [bmv2] [D] [thread 4131] [9.0] [cxt 0] Extracting header 'ipv4'
[08:06:10.915] [bmv2] [D] [thread 4131] [9.0] [cxt 0] Parser state 'ipv4' has no switch, going to default next state
[08:06:10.915] [bmv2] [T] [thread 4131] [9.0] [cxt 0] Bytes parsed: 34
[08:06:10.915] [bmv2] [D] [thread 4131] [9.0] [cxt 0] Parser 'parser': end
[08:06:10.915] [bmv2] [D] [thread 4131] [9.0] [cxt 0] Pipeline 'ingress': start
[08:06:10.915] [bmv2] [T] [thread 4131] [9.0] [cxt 0] digest_messages.p4(140) Condition "hdr.ipv4.isValid()" (node_2) is true
[08:06:10.915] [bmv2] [T] [thread 4131] [9.0] [cxt 0] Applying table 'MyIngress.ipv4_lpm'
[08:06:10.915] [bmv2] [D] [thread 4131] [9.0] [cxt 0] Looking up key:
* hdr.ipv4.dstAddr    : 0a000101

[08:06:10.915] [bmv2] [D] [thread 4131] [9.0] [cxt 0] Table 'MyIngress.ipv4_lpm': hit with handle 0
[08:06:10.915] [bmv2] [D] [thread 4131] [9.0] [cxt 0] Dumping entry 0
Match key:
* hdr.ipv4.dstAddr    : LPM       0a000101/32
Action entry: MyIngress.ipv4_forward - a000101,1,

[08:06:10.915] [bmv2] [D] [thread 4131] [9.0] [cxt 0] Action entry is MyIngress.ipv4_forward - a000101,1,
[08:06:10.915] [bmv2] [T] [thread 4131] [9.0] [cxt 0] Action MyIngress.ipv4_forward
[08:06:10.915] [bmv2] [T] [thread 4131] [9.0] [cxt 0] digest_messages.p4(107) Primitive hdr.ethernet.srcAddr = hdr.ethernet.dstAddr
[08:06:10.915] [bmv2] [T] [thread 4131] [9.0] [cxt 0] digest_messages.p4(110) Primitive hdr.ethernet.dstAddr = dstAddr
[08:06:10.915] [bmv2] [T] [thread 4131] [9.0] [cxt 0] digest_messages.p4(113) Primitive standard_metadata.egress_spec = port
[08:06:10.915] [bmv2] [T] [thread 4131] [9.0] [cxt 0] digest_messages.p4(116) Primitive hdr.ipv4.ttl = hdr.ipv4.ttl -1
[08:06:10.915] [bmv2] [T] [thread 4131] [9.0] [cxt 0] digest_messages.p4(117) Primitive random(meta.learn.digest,(bit<8>) 0, (bit<8>) 255)
[08:06:10.915] [bmv2] [T] [thread 4131] [9.0] [cxt 0] random(lo=0, hi=255) = 164
[08:06:10.915] [bmv2] [T] [thread 4131] [9.0] [cxt 0] digest_messages.p4(118) Primitive meta.learn.srcIP = hdr.ipv4.srcAddr
[08:06:10.915] [bmv2] [T] [thread 4131] [9.0] [cxt 0] digest_messages.p4(119) Primitive meta.learn.dstIP = hdr.ipv4.dstAddr
[08:06:10.915] [bmv2] [T] [thread 4131] [9.0] [cxt 0] digest_messages.p4(122) Primitive meta
[08:06:10.916] [bmv2] [T] [thread 4131] [9.0] [cxt 0] digest_messages.p4(118) Primitive hdr.ipv4.srcAddr
[08:06:10.916] [bmv2] [T] [thread 4131] [9.0] [cxt 0] digest_messages.p4(119) Primitive hdr.ipv4.dstAddr
[08:06:10.916] [bmv2] [T] [thread 4131] [9.0] [cxt 0] digest_messages.p4(122) Primitive digest(1, meta.learn)
[08:06:10.916] [bmv2] [D] [thread 4131] [9.0] [cxt 0] Pipeline 'ingress': end
[08:06:10.916] [bmv2] [T] [thread 4131] Learning sample for list id 1
[08:06:10.916] [bmv2] [D] [thread 4131] [9.0] [cxt 0] Egress port is 1
[08:06:10.916] [bmv2] [D] [thread 4133] [9.0] [cxt 0] Pipeline 'egress': start
[08:06:10.916] [bmv2] [D] [thread 4133] [9.0] [cxt 0] Pipeline 'egress': end
[08:06:10.916] [bmv2] [D] [thread 4133] [9.0] [cxt 0] Deparser 'deparser': start
[08:06:10.916] [bmv2] [D] [thread 4133] [9.0] [cxt 0] Updating checksum 'cksum'
[08:06:10.916] [bmv2] [D] [thread 4133] [9.0] [cxt 0] Deparsing header 'ethernet'
[08:06:10.916] [bmv2] [D] [thread 4133] [9.0] [cxt 0] Deparsing header 'ipv4'
[08:06:10.916] [bmv2] [D] [thread 4133] [9.0] [cxt 0] Deparser 'deparser': end
[08:06:10.916] [bmv2] [D] [thread 4136] [9.0] [cxt 0] Transmitting packet of size 98 out of port 1
[08:06:11.925] [bmv2] [T] [thread 4127] Sending learning notification for list id 1 (buffer id 2)
[08:06:11.926] [bmv2] [D] [thread 4131] [10.0] [cxt 0] Processing packet received on port 1
[08:06:11.926] [bmv2] [D] [thread 4131] [10.0] [cxt 0] Parser 'parser': start
[08:06:11.926] [bmv2] [D] [thread 4131] [10.0] [cxt 0] Parser 'parser' entering state 'start'
[08:06:11.926] [bmv2] [D] [thread 4131] [10.0] [cxt 0] Extracting header 'ethernet'
[08:06:11.926] [bmv2] [T] [thread 4504] bm_learning_ack_buffer
[08:06:11.926] [bmv2] [D] [thread 4131] [10.0] [cxt 0] Parser state 'start': key is 0800
[08:06:11.926] [bmv2] [T] [thread 4131] [10.0] [cxt 0] Bytes parsed: 14
[08:06:11.926] [bmv2] [D] [thread 4131] [10.0] [cxt 0] Parser 'parser' entering state 'ipv4'
[08:06:11.926] [bmv2] [D] [thread 4131] [10.0] [cxt 0] Extracting header 'ipv4'
[08:06:11.926] [bmv2] [D] [thread 4131] [10.0] [cxt 0] Parser state 'ipv4' has no switch, going to default next state
[08:06:11.926] [bmv2] [T] [thread 4131] [10.0] [cxt 0] Bytes parsed: 34
[08:06:11.926] [bmv2] [D] [thread 4131] [10.0] [cxt 0] Parser 'parser': end
[08:06:11.927] [bmv2] [D] [thread 4131] [10.0] [cxt 0] Pipeline 'ingress': start
[08:06:11.927] [bmv2] [T] [thread 4131] [10.0] [cxt 0] digest_messages.p4(140) Condition "hdr.ipv4.isValid()" (node_2) is true
[08:06:11.927] [bmv2] [T] [thread 4131] [10.0] [cxt 0] Applying table 'MyIngress.ipv4_lpm'
[08:06:11.927] [bmv2] [D] [thread 4131] [10.0] [cxt 0] Looking up key:
* hdr.ipv4.dstAddr    : 0a000102

[08:06:11.927] [bmv2] [D] [thread 4131] [10.0] [cxt 0] Table 'MyIngress.ipv4_lpm': hit with handle 1
[08:06:11.927] [bmv2] [D] [thread 4131] [10.0] [cxt 0] Dumping entry 1
Match key:
* hdr.ipv4.dstAddr    : LPM       0a000102/32
Action entry: MyIngress.ipv4_forward - a000102,2,

[08:06:11.927] [bmv2] [D] [thread 4131] [10.0] [cxt 0] Action entry is MyIngress.ipv4_forward - a000102,2,
[08:06:11.927] [bmv2] [T] [thread 4131] [10.0] [cxt 0] Action MyIngress.ipv4_forward
[08:06:11.927] [bmv2] [T] [thread 4131] [10.0] [cxt 0] digest_messages.p4(107) Primitive hdr.ethernet.srcAddr = hdr.ethernet.dstAddr
[08:06:11.927] [bmv2] [T] [thread 4131] [10.0] [cxt 0] digest_messages.p4(110) Primitive hdr.ethernet.dstAddr = dstAddr
[08:06:11.927] [bmv2] [T] [thread 4131] [10.0] [cxt 0] digest_messages.p4(113) Primitive standard_metadata.egress_spec = port
[08:06:11.927] [bmv2] [T] [thread 4131] [10.0] [cxt 0] digest_messages.p4(116) Primitive hdr.ipv4.ttl = hdr.ipv4.ttl -1
[08:06:11.927] [bmv2] [T] [thread 4131] [10.0] [cxt 0] digest_messages.p4(117) Primitive random(meta.learn.digest,(bit<8>) 0, (bit<8>) 255)
[08:06:11.927] [bmv2] [T] [thread 4131] [10.0] [cxt 0] random(lo=0, hi=255) = 110
[08:06:11.927] [bmv2] [T] [thread 4131] [10.0] [cxt 0] digest_messages.p4(118) Primitive meta.learn.srcIP = hdr.ipv4.srcAddr
[08:06:11.927] [bmv2] [T] [thread 4131] [10.0] [cxt 0] digest_messages.p4(119) Primitive meta.learn.dstIP = hdr.ipv4.dstAddr
[08:06:11.927] [bmv2] [T] [thread 4131] [10.0] [cxt 0] digest_messages.p4(122) Primitive meta
[08:06:11.927] [bmv2] [T] [thread 4131] [10.0] [cxt 0] digest_messages.p4(118) Primitive hdr.ipv4.srcAddr
[08:06:11.927] [bmv2] [T] [thread 4131] [10.0] [cxt 0] digest_messages.p4(119) Primitive hdr.ipv4.dstAddr
[08:06:11.927] [bmv2] [T] [thread 4131] [10.0] [cxt 0] digest_messages.p4(122) Primitive digest(1, meta.learn)
[08:06:11.927] [bmv2] [D] [thread 4131] [10.0] [cxt 0] Pipeline 'ingress': end
[08:06:11.927] [bmv2] [T] [thread 4131] Learning sample for list id 1
[08:06:11.927] [bmv2] [D] [thread 4131] [10.0] [cxt 0] Egress port is 2
[08:06:11.928] [bmv2] [D] [thread 4134] [10.0] [cxt 0] Pipeline 'egress': start
[08:06:11.928] [bmv2] [D] [thread 4134] [10.0] [cxt 0] Pipeline 'egress': end
[08:06:11.928] [bmv2] [D] [thread 4134] [10.0] [cxt 0] Deparser 'deparser': start
[08:06:11.928] [bmv2] [D] [thread 4134] [10.0] [cxt 0] Updating checksum 'cksum'
[08:06:11.928] [bmv2] [D] [thread 4134] [10.0] [cxt 0] Deparsing header 'ethernet'
[08:06:11.928] [bmv2] [D] [thread 4134] [10.0] [cxt 0] Deparsing header 'ipv4'
[08:06:11.928] [bmv2] [D] [thread 4134] [10.0] [cxt 0] Deparser 'deparser': end
[08:06:11.928] [bmv2] [D] [thread 4136] [10.0] [cxt 0] Transmitting packet of size 98 out of port 2
[08:06:11.929] [bmv2] [D] [thread 4131] [11.0] [cxt 0] Processing packet received on port 2
[08:06:11.929] [bmv2] [D] [thread 4131] [11.0] [cxt 0] Parser 'parser': start
[08:06:11.929] [bmv2] [D] [thread 4131] [11.0] [cxt 0] Parser 'parser' entering state 'start'
[08:06:11.929] [bmv2] [D] [thread 4131] [11.0] [cxt 0] Extracting header 'ethernet'
[08:06:11.929] [bmv2] [D] [thread 4131] [11.0] [cxt 0] Parser state 'start': key is 0800
[08:06:11.929] [bmv2] [T] [thread 4131] [11.0] [cxt 0] Bytes parsed: 14
[08:06:11.929] [bmv2] [D] [thread 4131] [11.0] [cxt 0] Parser 'parser' entering state 'ipv4'
[08:06:11.929] [bmv2] [D] [thread 4131] [11.0] [cxt 0] Extracting header 'ipv4'
[08:06:11.929] [bmv2] [D] [thread 4131] [11.0] [cxt 0] Parser state 'ipv4' has no switch, going to default next state
[08:06:11.929] [bmv2] [T] [thread 4131] [11.0] [cxt 0] Bytes parsed: 34
[08:06:11.929] [bmv2] [D] [thread 4131] [11.0] [cxt 0] Parser 'parser': end
[08:06:11.929] [bmv2] [D] [thread 4131] [11.0] [cxt 0] Pipeline 'ingress': start
[08:06:11.929] [bmv2] [T] [thread 4131] [11.0] [cxt 0] digest_messages.p4(140) Condition "hdr.ipv4.isValid()" (node_2) is true
[08:06:11.929] [bmv2] [T] [thread 4131] [11.0] [cxt 0] Applying table 'MyIngress.ipv4_lpm'
[08:06:11.929] [bmv2] [D] [thread 4131] [11.0] [cxt 0] Looking up key:
* hdr.ipv4.dstAddr    : 0a000101

[08:06:11.929] [bmv2] [D] [thread 4131] [11.0] [cxt 0] Table 'MyIngress.ipv4_lpm': hit with handle 0
[08:06:11.930] [bmv2] [D] [thread 4131] [11.0] [cxt 0] Dumping entry 0
Match key:
* hdr.ipv4.dstAddr    : LPM       0a000101/32
Action entry: MyIngress.ipv4_forward - a000101,1,

[08:06:11.930] [bmv2] [D] [thread 4131] [11.0] [cxt 0] Action entry is MyIngress.ipv4_forward - a000101,1,
[08:06:11.930] [bmv2] [T] [thread 4131] [11.0] [cxt 0] Action MyIngress.ipv4_forward
[08:06:11.930] [bmv2] [T] [thread 4131] [11.0] [cxt 0] digest_messages.p4(107) Primitive hdr.ethernet.srcAddr = hdr.ethernet.dstAddr
[08:06:11.930] [bmv2] [T] [thread 4131] [11.0] [cxt 0] digest_messages.p4(110) Primitive hdr.ethernet.dstAddr = dstAddr
[08:06:11.930] [bmv2] [T] [thread 4131] [11.0] [cxt 0] digest_messages.p4(113) Primitive standard_metadata.egress_spec = port
[08:06:11.930] [bmv2] [T] [thread 4131] [11.0] [cxt 0] digest_messages.p4(116) Primitive hdr.ipv4.ttl = hdr.ipv4.ttl -1
[08:06:11.930] [bmv2] [T] [thread 4131] [11.0] [cxt 0] digest_messages.p4(117) Primitive random(meta.learn.digest,(bit<8>) 0, (bit<8>) 255)
[08:06:11.930] [bmv2] [T] [thread 4131] [11.0] [cxt 0] random(lo=0, hi=255) = 58
[08:06:11.930] [bmv2] [T] [thread 4131] [11.0] [cxt 0] digest_messages.p4(118) Primitive meta.learn.srcIP = hdr.ipv4.srcAddr
[08:06:11.930] [bmv2] [T] [thread 4131] [11.0] [cxt 0] digest_messages.p4(119) Primitive meta.learn.dstIP = hdr.ipv4.dstAddr
[08:06:11.930] [bmv2] [T] [thread 4131] [11.0] [cxt 0] digest_messages.p4(122) Primitive meta
[08:06:11.930] [bmv2] [T] [thread 4131] [11.0] [cxt 0] digest_messages.p4(118) Primitive hdr.ipv4.srcAddr
[08:06:11.930] [bmv2] [T] [thread 4131] [11.0] [cxt 0] digest_messages.p4(119) Primitive hdr.ipv4.dstAddr
[08:06:11.930] [bmv2] [T] [thread 4131] [11.0] [cxt 0] digest_messages.p4(122) Primitive digest(1, meta.learn)
[08:06:11.930] [bmv2] [D] [thread 4131] [11.0] [cxt 0] Pipeline 'ingress': end
[08:06:11.930] [bmv2] [T] [thread 4131] Learning sample for list id 1
[08:06:11.930] [bmv2] [D] [thread 4131] [11.0] [cxt 0] Egress port is 1
[08:06:11.930] [bmv2] [D] [thread 4133] [11.0] [cxt 0] Pipeline 'egress': start
[08:06:11.930] [bmv2] [D] [thread 4133] [11.0] [cxt 0] Pipeline 'egress': end
[08:06:11.930] [bmv2] [D] [thread 4133] [11.0] [cxt 0] Deparser 'deparser': start
[08:06:11.930] [bmv2] [D] [thread 4133] [11.0] [cxt 0] Updating checksum 'cksum'
[08:06:11.930] [bmv2] [D] [thread 4133] [11.0] [cxt 0] Deparsing header 'ethernet'
[08:06:11.930] [bmv2] [D] [thread 4133] [11.0] [cxt 0] Deparsing header 'ipv4'
[08:06:11.930] [bmv2] [D] [thread 4133] [11.0] [cxt 0] Deparser 'deparser': end
[08:06:11.930] [bmv2] [D] [thread 4136] [11.0] [cxt 0] Transmitting packet of size 98 out of port 1
[08:06:12.929] [bmv2] [T] [thread 4127] Sending learning notification for list id 1 (buffer id 3)
[08:06:12.930] [bmv2] [T] [thread 4504] bm_learning_ack_buffer
